Start testing: May 16 12:07 JST
----------------------------------------------------------
22/114 Testing: test_scsi_io_ROM
22/114 Test: test_scsi_io_ROM
Command: "/home/michiaki/Document/macemu/macemu/BasiliskII/src/test/rom/bin/test_scsi_io" "--" "--rom"
Directory: /home/michiaki/Document/macemu/macemu/BasiliskII/src/test/rom
"test_scsi_io_ROM" start time: May 16 12:07 JST
Output:
----------------------------------------------------------
Running 2 test cases...

[1;32;49m*** No errors detected
[0;39;49m
<end of output>
Test time =   0.04 sec
----------------------------------------------------------
Test Passed.
"test_scsi_io_ROM" end time: May 16 12:07 JST
"test_scsi_io_ROM" time elapsed: 00:00:00
----------------------------------------------------------

113/114 Testing: check_simm_size
113/114 Test: check_simm_size
Command: "/home/michiaki/Document/macemu/macemu/BasiliskII/src/test/rom/bin/check_simm_size"
Directory: /home/michiaki/Document/macemu/macemu/BasiliskII/src/test/rom
"check_simm_size" start time: May 16 12:07 JST
Output:
----------------------------------------------------------
Running 3 test cases...

[1;32;49m*** No errors detected
[0;39;49m
<end of output>
Test time =   0.05 sec
----------------------------------------------------------
Test Passed.
"check_simm_size" end time: May 16 12:07 JST
"check_simm_size" time elapsed: 00:00:00
----------------------------------------------------------

109/114 Testing: init_A0000
109/114 Test: init_A0000
Command: "/home/michiaki/Document/macemu/macemu/BasiliskII/src/test/rom/bin/init_A0000"
Directory: /home/michiaki/Document/macemu/macemu/BasiliskII/src/test/rom
"init_A0000" start time: May 16 12:07 JST
Output:
----------------------------------------------------------
Running 1 test case...

[1;32;49m*** No errors detected
[0;39;49m
<end of output>
Test time =   0.02 sec
----------------------------------------------------------
Test Passed.
"init_A0000" end time: May 16 12:07 JST
"init_A0000" time elapsed: 00:00:00
----------------------------------------------------------

110/114 Testing: init_A0000_ROM
110/114 Test: init_A0000_ROM
Command: "/home/michiaki/Document/macemu/macemu/BasiliskII/src/test/rom/bin/init_A0000" "--" "--rom"
Directory: /home/michiaki/Document/macemu/macemu/BasiliskII/src/test/rom
"init_A0000_ROM" start time: May 16 12:07 JST
Output:
----------------------------------------------------------
Running 1 test case...

[1;32;49m*** No errors detected
[0;39;49m
<end of output>
Test time =   0.02 sec
----------------------------------------------------------
Test Passed.
"init_A0000_ROM" end time: May 16 12:07 JST
"init_A0000_ROM" time elapsed: 00:00:00
----------------------------------------------------------

114/114 Testing: check_simm_size_ROM
114/114 Test: check_simm_size_ROM
Command: "/home/michiaki/Document/macemu/macemu/BasiliskII/src/test/rom/bin/check_simm_size" "--" "--rom"
Directory: /home/michiaki/Document/macemu/macemu/BasiliskII/src/test/rom
"check_simm_size_ROM" start time: May 16 12:07 JST
Output:
----------------------------------------------------------
Running 3 test cases...

[1;32;49m*** No errors detected
[0;39;49m
<end of output>
Test time =   0.05 sec
----------------------------------------------------------
Test Passed.
"check_simm_size_ROM" end time: May 16 12:07 JST
"check_simm_size_ROM" time elapsed: 00:00:00
----------------------------------------------------------

108/114 Testing: comm_modem_port_ROM
108/114 Test: comm_modem_port_ROM
Command: "/home/michiaki/Document/macemu/macemu/BasiliskII/src/test/rom/bin/comm_modem_port" "--" "--rom"
Directory: /home/michiaki/Document/macemu/macemu/BasiliskII/src/test/rom
"comm_modem_port_ROM" start time: May 16 12:07 JST
Output:
----------------------------------------------------------
Running 32 test cases...

[1;32;49m*** No errors detected
[0;39;49m
<end of output>
Test time =   0.37 sec
----------------------------------------------------------
Test Passed.
"comm_modem_port_ROM" end time: May 16 12:07 JST
"comm_modem_port_ROM" time elapsed: 00:00:00
----------------------------------------------------------

112/114 Testing: check_simm_ROM
112/114 Test: check_simm_ROM
Command: "/home/michiaki/Document/macemu/macemu/BasiliskII/src/test/rom/bin/check_simm" "--" "--rom"
Directory: /home/michiaki/Document/macemu/macemu/BasiliskII/src/test/rom
"check_simm_ROM" start time: May 16 12:07 JST
Output:
----------------------------------------------------------
Running 5 test cases...

[1;32;49m*** No errors detected
[0;39;49m
<end of output>
Test time =   0.07 sec
----------------------------------------------------------
Test Passed.
"check_simm_ROM" end time: May 16 12:07 JST
"check_simm_ROM" time elapsed: 00:00:00
----------------------------------------------------------

107/114 Testing: comm_modem_port
107/114 Test: comm_modem_port
Command: "/home/michiaki/Document/macemu/macemu/BasiliskII/src/test/rom/bin/comm_modem_port"
Directory: /home/michiaki/Document/macemu/macemu/BasiliskII/src/test/rom
"comm_modem_port" start time: May 16 12:07 JST
Output:
----------------------------------------------------------
Running 32 test cases...

[1;32;49m*** No errors detected
[0;39;49m
<end of output>
Test time =   0.37 sec
----------------------------------------------------------
Test Passed.
"comm_modem_port" end time: May 16 12:07 JST
"comm_modem_port" time elapsed: 00:00:00
----------------------------------------------------------

111/114 Testing: check_simm
111/114 Test: check_simm
Command: "/home/michiaki/Document/macemu/macemu/BasiliskII/src/test/rom/bin/check_simm"
Directory: /home/michiaki/Document/macemu/macemu/BasiliskII/src/test/rom
"check_simm" start time: May 16 12:07 JST
Output:
----------------------------------------------------------
Running 5 test cases...

[1;32;49m*** No errors detected
[0;39;49m
<end of output>
Test time =   0.07 sec
----------------------------------------------------------
Test Passed.
"check_simm" end time: May 16 12:07 JST
"check_simm" time elapsed: 00:00:00
----------------------------------------------------------

8/114 Testing: get_hw_info_ROM
8/114 Test: get_hw_info_ROM
Command: "/home/michiaki/Document/macemu/macemu/BasiliskII/src/test/rom/bin/get_hw_info" "--" "--rom"
Directory: /home/michiaki/Document/macemu/macemu/BasiliskII/src/test/rom
"get_hw_info_ROM" start time: May 16 12:07 JST
Output:
----------------------------------------------------------
Running 52 test cases...

[1;32;49m*** No errors detected
[0;39;49m
<end of output>
Test time =   0.59 sec
----------------------------------------------------------
Test Passed.
"get_hw_info_ROM" end time: May 16 12:07 JST
"get_hw_info_ROM" time elapsed: 00:00:00
----------------------------------------------------------

61/114 Testing: easc_beep
61/114 Test: easc_beep
Command: "/home/michiaki/Document/macemu/macemu/BasiliskII/src/test/rom/bin/easc_beep"
Directory: /home/michiaki/Document/macemu/macemu/BasiliskII/src/test/rom
"easc_beep" start time: May 16 12:07 JST
Output:
----------------------------------------------------------
Running 1 test case...

[1;32;49m*** No errors detected
[0;39;49m
<end of output>
Test time =   0.03 sec
----------------------------------------------------------
Test Passed.
"easc_beep" end time: May 16 12:07 JST
"easc_beep" time elapsed: 00:00:00
----------------------------------------------------------

7/114 Testing: get_hw_info
7/114 Test: get_hw_info
Command: "/home/michiaki/Document/macemu/macemu/BasiliskII/src/test/rom/bin/get_hw_info"
Directory: /home/michiaki/Document/macemu/macemu/BasiliskII/src/test/rom
"get_hw_info" start time: May 16 12:07 JST
Output:
----------------------------------------------------------
Running 52 test cases...

[1;32;49m*** No errors detected
[0;39;49m
<end of output>
Test time =   0.58 sec
----------------------------------------------------------
Test Passed.
"get_hw_info" end time: May 16 12:07 JST
"get_hw_info" time elapsed: 00:00:00
----------------------------------------------------------

9/114 Testing: check_mb
9/114 Test: check_mb
Command: "/home/michiaki/Document/macemu/macemu/BasiliskII/src/test/rom/bin/check_mb"
Directory: /home/michiaki/Document/macemu/macemu/BasiliskII/src/test/rom
"check_mb" start time: May 16 12:07 JST
Output:
----------------------------------------------------------
Running 29 test cases...

[1;32;49m*** No errors detected
[0;39;49m
<end of output>
Test time =   0.33 sec
----------------------------------------------------------
Test Passed.
"check_mb" end time: May 16 12:07 JST
"check_mb" time elapsed: 00:00:00
----------------------------------------------------------

10/114 Testing: check_mb_ROM
10/114 Test: check_mb_ROM
Command: "/home/michiaki/Document/macemu/macemu/BasiliskII/src/test/rom/bin/check_mb" "--" "--rom"
Directory: /home/michiaki/Document/macemu/macemu/BasiliskII/src/test/rom
"check_mb_ROM" start time: May 16 12:07 JST
Output:
----------------------------------------------------------
Running 29 test cases...

[1;32;49m*** No errors detected
[0;39;49m
<end of output>
Test time =   0.33 sec
----------------------------------------------------------
Test Passed.
"check_mb_ROM" end time: May 16 12:07 JST
"check_mb_ROM" time elapsed: 00:00:00
----------------------------------------------------------

2/114 Testing: boot_ROM
2/114 Test: boot_ROM
Command: "/home/michiaki/Document/macemu/macemu/BasiliskII/src/test/rom/bin/boot" "--" "--rom"
Directory: /home/michiaki/Document/macemu/macemu/BasiliskII/src/test/rom
"boot_ROM" start time: May 16 12:07 JST
Output:
----------------------------------------------------------
Running 1 test case...

[1;32;49m*** No errors detected
[0;39;49m
<end of output>
Test time =   0.02 sec
----------------------------------------------------------
Test Passed.
"boot_ROM" end time: May 16 12:07 JST
"boot_ROM" time elapsed: 00:00:00
----------------------------------------------------------

100/114 Testing: read_modem_cmd_dword_ROM
100/114 Test: read_modem_cmd_dword_ROM
Command: "/home/michiaki/Document/macemu/macemu/BasiliskII/src/test/rom/bin/read_modem_cmd_dword" "--" "--rom"
Directory: /home/michiaki/Document/macemu/macemu/BasiliskII/src/test/rom
"read_modem_cmd_dword_ROM" start time: May 16 12:07 JST
Output:
----------------------------------------------------------
Running 9 test cases...

[1;32;49m*** No errors detected
[0;39;49m
<end of output>
Test time =   0.11 sec
----------------------------------------------------------
Test Passed.
"read_modem_cmd_dword_ROM" end time: May 16 12:07 JST
"read_modem_cmd_dword_ROM" time elapsed: 00:00:00
----------------------------------------------------------

28/114 Testing: has_ether_ROM
28/114 Test: has_ether_ROM
Command: "/home/michiaki/Document/macemu/macemu/BasiliskII/src/test/rom/bin/has_ether" "--" "--rom"
Directory: /home/michiaki/Document/macemu/macemu/BasiliskII/src/test/rom
"has_ether_ROM" start time: May 16 12:07 JST
Output:
----------------------------------------------------------
Running 2 test cases...

[1;32;49m*** No errors detected
[0;39;49m
<end of output>
Test time =   0.03 sec
----------------------------------------------------------
Test Passed.
"has_ether_ROM" end time: May 16 12:07 JST
"has_ether_ROM" time elapsed: 00:00:00
----------------------------------------------------------

69/114 Testing: send_to_pb_byte
69/114 Test: send_to_pb_byte
Command: "/home/michiaki/Document/macemu/macemu/BasiliskII/src/test/rom/bin/send_to_pb_byte"
Directory: /home/michiaki/Document/macemu/macemu/BasiliskII/src/test/rom
"send_to_pb_byte" start time: May 16 12:07 JST
Output:
----------------------------------------------------------
Running 5 test cases...

[1;32;49m*** No errors detected
[0;39;49m
<end of output>
Test time =   0.07 sec
----------------------------------------------------------
Test Passed.
"send_to_pb_byte" end time: May 16 12:07 JST
"send_to_pb_byte" time elapsed: 00:00:00
----------------------------------------------------------

60/114 Testing: wait_until_easc_fifo_half_ROM
60/114 Test: wait_until_easc_fifo_half_ROM
Command: "/home/michiaki/Document/macemu/macemu/BasiliskII/src/test/rom/bin/wait_until_easc_fifo_half" "--" "--rom"
Directory: /home/michiaki/Document/macemu/macemu/BasiliskII/src/test/rom
"wait_until_easc_fifo_half_ROM" start time: May 16 12:07 JST
Output:
----------------------------------------------------------
Running 1 test case...

[1;32;49m*** No errors detected
[0;39;49m
<end of output>
Test time =   0.02 sec
----------------------------------------------------------
Test Passed.
"wait_until_easc_fifo_half_ROM" end time: May 16 12:07 JST
"wait_until_easc_fifo_half_ROM" time elapsed: 00:00:00
----------------------------------------------------------

42/114 Testing: test_model_id_ROM
42/114 Test: test_model_id_ROM
Command: "/home/michiaki/Document/macemu/macemu/BasiliskII/src/test/rom/bin/test_model_id" "--" "--rom"
Directory: /home/michiaki/Document/macemu/macemu/BasiliskII/src/test/rom
"test_model_id_ROM" start time: May 16 12:07 JST
Output:
----------------------------------------------------------
Running 27 test cases...

[1;32;49m*** No errors detected
[0;39;49m
<end of output>
Test time =   0.32 sec
----------------------------------------------------------
Test Passed.
"test_model_id_ROM" end time: May 16 12:07 JST
"test_model_id_ROM" time elapsed: 00:00:00
----------------------------------------------------------

45/114 Testing: play_asc2
45/114 Test: play_asc2
Command: "/home/michiaki/Document/macemu/macemu/BasiliskII/src/test/rom/bin/play_asc2"
Directory: /home/michiaki/Document/macemu/macemu/BasiliskII/src/test/rom
"play_asc2" start time: May 16 12:07 JST
Output:
----------------------------------------------------------
Running 1 test case...

[1;32;49m*** No errors detected
[0;39;49m
<end of output>
Test time =   0.02 sec
----------------------------------------------------------
Test Passed.
"play_asc2" end time: May 16 12:07 JST
"play_asc2" time elapsed: 00:00:00
----------------------------------------------------------

85/114 Testing: modem_port_send1
85/114 Test: modem_port_send1
Command: "/home/michiaki/Document/macemu/macemu/BasiliskII/src/test/rom/bin/modem_port_send1"
Directory: /home/michiaki/Document/macemu/macemu/BasiliskII/src/test/rom
"modem_port_send1" start time: May 16 12:07 JST
Output:
----------------------------------------------------------
Running 5 test cases...

[1;32;49m*** No errors detected
[0;39;49m
<end of output>
Test time =   0.07 sec
----------------------------------------------------------
Test Passed.
"modem_port_send1" end time: May 16 12:07 JST
"modem_port_send1" time elapsed: 00:00:00
----------------------------------------------------------

55/114 Testing: play_chime_4
55/114 Test: play_chime_4
Command: "/home/michiaki/Document/macemu/macemu/BasiliskII/src/test/rom/bin/play_chime_4"
Directory: /home/michiaki/Document/macemu/macemu/BasiliskII/src/test/rom
"play_chime_4" start time: May 16 12:07 JST
Output:
----------------------------------------------------------
Running 2 test cases...

[1;32;49m*** No errors detected
[0;39;49m
<end of output>
Test time =   0.03 sec
----------------------------------------------------------
Test Passed.
"play_chime_4" end time: May 16 12:07 JST
"play_chime_4" time elapsed: 00:00:00
----------------------------------------------------------

18/114 Testing: has_via_ROM
18/114 Test: has_via_ROM
Command: "/home/michiaki/Document/macemu/macemu/BasiliskII/src/test/rom/bin/has_via" "--" "--rom"
Directory: /home/michiaki/Document/macemu/macemu/BasiliskII/src/test/rom
"has_via_ROM" start time: May 16 12:07 JST
Output:
----------------------------------------------------------
Running 4 test cases...

[1;32;49m*** No errors detected
[0;39;49m
<end of output>
Test time =   0.06 sec
----------------------------------------------------------
Test Passed.
"has_via_ROM" end time: May 16 12:07 JST
"has_via_ROM" time elapsed: 00:00:00
----------------------------------------------------------

43/114 Testing: get_model_id
43/114 Test: get_model_id
Command: "/home/michiaki/Document/macemu/macemu/BasiliskII/src/test/rom/bin/get_model_id"
Directory: /home/michiaki/Document/macemu/macemu/BasiliskII/src/test/rom
"get_model_id" start time: May 16 12:07 JST
Output:
----------------------------------------------------------
Running 2 test cases...

[1;32;49m*** No errors detected
[0;39;49m
<end of output>
Test time =   0.03 sec
----------------------------------------------------------
Test Passed.
"get_model_id" end time: May 16 12:07 JST
"get_model_id" time elapsed: 00:00:00
----------------------------------------------------------

74/114 Testing: init_scc_iop_fw_ROM
74/114 Test: init_scc_iop_fw_ROM
Command: "/home/michiaki/Document/macemu/macemu/BasiliskII/src/test/rom/bin/init_scc_iop_fw" "--" "--rom"
Directory: /home/michiaki/Document/macemu/macemu/BasiliskII/src/test/rom
"init_scc_iop_fw_ROM" start time: May 16 12:07 JST
Output:
----------------------------------------------------------
Running 2 test cases...

[1;32;49m*** No errors detected
[0;39;49m
<end of output>
Test time =   0.03 sec
----------------------------------------------------------
Test Passed.
"init_scc_iop_fw_ROM" end time: May 16 12:07 JST
"init_scc_iop_fw_ROM" time elapsed: 00:00:00
----------------------------------------------------------

89/114 Testing: init_modem_port
89/114 Test: init_modem_port
Command: "/home/michiaki/Document/macemu/macemu/BasiliskII/src/test/rom/bin/init_modem_port"
Directory: /home/michiaki/Document/macemu/macemu/BasiliskII/src/test/rom
"init_modem_port" start time: May 16 12:07 JST
Output:
----------------------------------------------------------
Running 2 test cases...

[1;32;49m*** No errors detected
[0;39;49m
<end of output>
Test time =   0.03 sec
----------------------------------------------------------
Test Passed.
"init_modem_port" end time: May 16 12:07 JST
"init_modem_port" time elapsed: 00:00:00
----------------------------------------------------------

99/114 Testing: read_modem_cmd_dword
99/114 Test: read_modem_cmd_dword
Command: "/home/michiaki/Document/macemu/macemu/BasiliskII/src/test/rom/bin/read_modem_cmd_dword"
Directory: /home/michiaki/Document/macemu/macemu/BasiliskII/src/test/rom
"read_modem_cmd_dword" start time: May 16 12:07 JST
Output:
----------------------------------------------------------
Running 9 test cases...

[1;32;49m*** No errors detected
[0;39;49m
<end of output>
Test time =   0.11 sec
----------------------------------------------------------
Test Passed.
"read_modem_cmd_dword" end time: May 16 12:07 JST
"read_modem_cmd_dword" time elapsed: 00:00:00
----------------------------------------------------------

36/114 Testing: init_hw3_ROM
36/114 Test: init_hw3_ROM
Command: "/home/michiaki/Document/macemu/macemu/BasiliskII/src/test/rom/bin/init_hw3" "--" "--rom"
Directory: /home/michiaki/Document/macemu/macemu/BasiliskII/src/test/rom
"init_hw3_ROM" start time: May 16 12:07 JST
Output:
----------------------------------------------------------
Running 14 test cases...

[1;32;49m*** No errors detected
[0;39;49m
<end of output>
Test time =   0.18 sec
----------------------------------------------------------
Test Passed.
"init_hw3_ROM" end time: May 16 12:07 JST
"init_hw3_ROM" time elapsed: 00:00:00
----------------------------------------------------------

73/114 Testing: init_scc_iop_fw
73/114 Test: init_scc_iop_fw
Command: "/home/michiaki/Document/macemu/macemu/BasiliskII/src/test/rom/bin/init_scc_iop_fw"
Directory: /home/michiaki/Document/macemu/macemu/BasiliskII/src/test/rom
"init_scc_iop_fw" start time: May 16 12:07 JST
Output:
----------------------------------------------------------
Running 2 test cases...

[1;32;49m*** No errors detected
[0;39;49m
<end of output>
Test time =   0.03 sec
----------------------------------------------------------
Test Passed.
"init_scc_iop_fw" end time: May 16 12:07 JST
"init_scc_iop_fw" time elapsed: 00:00:00
----------------------------------------------------------

41/114 Testing: test_model_id
41/114 Test: test_model_id
Command: "/home/michiaki/Document/macemu/macemu/BasiliskII/src/test/rom/bin/test_model_id"
Directory: /home/michiaki/Document/macemu/macemu/BasiliskII/src/test/rom
"test_model_id" start time: May 16 12:07 JST
Output:
----------------------------------------------------------
Running 27 test cases...

[1;32;49m*** No errors detected
[0;39;49m
<end of output>
Test time =   0.32 sec
----------------------------------------------------------
Test Passed.
"test_model_id" end time: May 16 12:07 JST
"test_model_id" time elapsed: 00:00:00
----------------------------------------------------------

101/114 Testing: to_ascii
101/114 Test: to_ascii
Command: "/home/michiaki/Document/macemu/macemu/BasiliskII/src/test/rom/bin/to_ascii"
Directory: /home/michiaki/Document/macemu/macemu/BasiliskII/src/test/rom
"to_ascii" start time: May 16 12:07 JST
Output:
----------------------------------------------------------
Running 16 test cases...

[1;32;49m*** No errors detected
[0;39;49m
<end of output>
Test time =   0.19 sec
----------------------------------------------------------
Test Passed.
"to_ascii" end time: May 16 12:07 JST
"to_ascii" time elapsed: 00:00:00
----------------------------------------------------------

30/114 Testing: has_lowmem1_ROM
30/114 Test: has_lowmem1_ROM
Command: "/home/michiaki/Document/macemu/macemu/BasiliskII/src/test/rom/bin/has_lowmem1" "--" "--rom"
Directory: /home/michiaki/Document/macemu/macemu/BasiliskII/src/test/rom
"has_lowmem1_ROM" start time: May 16 12:07 JST
Output:
----------------------------------------------------------
Running 2 test cases...

[1;32;49m*** No errors detected
[0;39;49m
<end of output>
Test time =   0.03 sec
----------------------------------------------------------
Test Passed.
"has_lowmem1_ROM" end time: May 16 12:07 JST
"has_lowmem1_ROM" time elapsed: 00:00:00
----------------------------------------------------------

58/114 Testing: play_easc_ROM
58/114 Test: play_easc_ROM
Command: "/home/michiaki/Document/macemu/macemu/BasiliskII/src/test/rom/bin/play_easc" "--" "--rom"
Directory: /home/michiaki/Document/macemu/macemu/BasiliskII/src/test/rom
"play_easc_ROM" start time: May 16 12:07 JST
Output:
----------------------------------------------------------
Running 3 test cases...

[1;32;49m*** No errors detected
[0;39;49m
<end of output>
Test time =   0.06 sec
----------------------------------------------------------
Test Passed.
"play_easc_ROM" end time: May 16 12:07 JST
"play_easc_ROM" time elapsed: 00:00:00
----------------------------------------------------------

103/114 Testing: write_modem_integer
103/114 Test: write_modem_integer
Command: "/home/michiaki/Document/macemu/macemu/BasiliskII/src/test/rom/bin/write_modem_integer"
Directory: /home/michiaki/Document/macemu/macemu/BasiliskII/src/test/rom
"write_modem_integer" start time: May 16 12:07 JST
Output:
----------------------------------------------------------
Running 10 test cases...

[1;32;49m*** No errors detected
[0;39;49m
<end of output>
Test time =   0.12 sec
----------------------------------------------------------
Test Passed.
"write_modem_integer" end time: May 16 12:07 JST
"write_modem_integer" time elapsed: 00:00:00
----------------------------------------------------------

16/114 Testing: test_iifx_exp1_ROM
16/114 Test: test_iifx_exp1_ROM
Command: "/home/michiaki/Document/macemu/macemu/BasiliskII/src/test/rom/bin/test_iifx_exp1" "--" "--rom"
Directory: /home/michiaki/Document/macemu/macemu/BasiliskII/src/test/rom
"test_iifx_exp1_ROM" start time: May 16 12:07 JST
Output:
----------------------------------------------------------
Running 4 test cases...

[1;32;49m*** No errors detected
[0;39;49m
<end of output>
Test time =   0.06 sec
----------------------------------------------------------
Test Passed.
"test_iifx_exp1_ROM" end time: May 16 12:07 JST
"test_iifx_exp1_ROM" time elapsed: 00:00:00
----------------------------------------------------------

64/114 Testing: get_hw_info2_ROM
64/114 Test: get_hw_info2_ROM
Command: "/home/michiaki/Document/macemu/macemu/BasiliskII/src/test/rom/bin/get_hw_info2" "--" "--rom"
Directory: /home/michiaki/Document/macemu/macemu/BasiliskII/src/test/rom
"get_hw_info2_ROM" start time: May 16 12:07 JST
Output:
----------------------------------------------------------
Running 1 test case...

[1;32;49m*** No errors detected
[0;39;49m
<end of output>
Test time =   0.02 sec
----------------------------------------------------------
Test Passed.
"get_hw_info2_ROM" end time: May 16 12:07 JST
"get_hw_info2_ROM" time elapsed: 00:00:00
----------------------------------------------------------

70/114 Testing: send_to_pb_byte_ROM
70/114 Test: send_to_pb_byte_ROM
Command: "/home/michiaki/Document/macemu/macemu/BasiliskII/src/test/rom/bin/send_to_pb_byte" "--" "--rom"
Directory: /home/michiaki/Document/macemu/macemu/BasiliskII/src/test/rom
"send_to_pb_byte_ROM" start time: May 16 12:07 JST
Output:
----------------------------------------------------------
Running 5 test cases...

[1;32;49m*** No errors detected
[0;39;49m
<end of output>
Test time =   0.10 sec
----------------------------------------------------------
Test Passed.
"send_to_pb_byte_ROM" end time: May 16 12:07 JST
"send_to_pb_byte_ROM" time elapsed: 00:00:00
----------------------------------------------------------

26/114 Testing: test_iop_ROM
26/114 Test: test_iop_ROM
Command: "/home/michiaki/Document/macemu/macemu/BasiliskII/src/test/rom/bin/test_iop" "--" "--rom"
Directory: /home/michiaki/Document/macemu/macemu/BasiliskII/src/test/rom
"test_iop_ROM" start time: May 16 12:07 JST
Output:
----------------------------------------------------------
Running 2 test cases...

[1;32;49m*** No errors detected
[0;39;49m
<end of output>
Test time =   0.03 sec
----------------------------------------------------------
Test Passed.
"test_iop_ROM" end time: May 16 12:07 JST
"test_iop_ROM" time elapsed: 00:00:00
----------------------------------------------------------

50/114 Testing: play_asc5_ROM
50/114 Test: play_asc5_ROM
Command: "/home/michiaki/Document/macemu/macemu/BasiliskII/src/test/rom/bin/play_asc5" "--" "--rom"
Directory: /home/michiaki/Document/macemu/macemu/BasiliskII/src/test/rom
"play_asc5_ROM" start time: May 16 12:07 JST
Output:
----------------------------------------------------------
Running 1 test case...

[1;32;49m*** No errors detected
[0;39;49m
<end of output>
Test time =   0.02 sec
----------------------------------------------------------
Test Passed.
"play_asc5_ROM" end time: May 16 12:07 JST
"play_asc5_ROM" time elapsed: 00:00:00
----------------------------------------------------------

102/114 Testing: to_ascii_ROM
102/114 Test: to_ascii_ROM
Command: "/home/michiaki/Document/macemu/macemu/BasiliskII/src/test/rom/bin/to_ascii" "--" "--rom"
Directory: /home/michiaki/Document/macemu/macemu/BasiliskII/src/test/rom
"to_ascii_ROM" start time: May 16 12:07 JST
Output:
----------------------------------------------------------
Running 16 test cases...

[1;32;49m*** No errors detected
[0;39;49m
<end of output>
Test time =   0.19 sec
----------------------------------------------------------
Test Passed.
"to_ascii_ROM" end time: May 16 12:07 JST
"to_ascii_ROM" time elapsed: 00:00:00
----------------------------------------------------------

105/114 Testing: read_modem_cmd1
105/114 Test: read_modem_cmd1
Command: "/home/michiaki/Document/macemu/macemu/BasiliskII/src/test/rom/bin/read_modem_cmd1"
Directory: /home/michiaki/Document/macemu/macemu/BasiliskII/src/test/rom
"read_modem_cmd1" start time: May 16 12:07 JST
Output:
----------------------------------------------------------
Running 3 test cases...

[1;32;49m*** No errors detected
[0;39;49m
<end of output>
Test time =   0.05 sec
----------------------------------------------------------
Test Passed.
"read_modem_cmd1" end time: May 16 12:07 JST
"read_modem_cmd1" time elapsed: 00:00:00
----------------------------------------------------------

76/114 Testing: init_pb_duo_ROM
76/114 Test: init_pb_duo_ROM
Command: "/home/michiaki/Document/macemu/macemu/BasiliskII/src/test/rom/bin/init_pb_duo" "--" "--rom"
Directory: /home/michiaki/Document/macemu/macemu/BasiliskII/src/test/rom
"init_pb_duo_ROM" start time: May 16 12:07 JST
Output:
----------------------------------------------------------
Running 7 test cases...

[1;32;49m*** No errors detected
[0;39;49m
<end of output>
Test time =   0.20 sec
----------------------------------------------------------
Test Passed.
"init_pb_duo_ROM" end time: May 16 12:07 JST
"init_pb_duo_ROM" time elapsed: 00:00:00
----------------------------------------------------------

31/114 Testing: read_id_from_via
31/114 Test: read_id_from_via
Command: "/home/michiaki/Document/macemu/macemu/BasiliskII/src/test/rom/bin/read_id_from_via"
Directory: /home/michiaki/Document/macemu/macemu/BasiliskII/src/test/rom
"read_id_from_via" start time: May 16 12:07 JST
Output:
----------------------------------------------------------
Running 2 test cases...

[1;32;49m*** No errors detected
[0;39;49m
<end of output>
Test time =   0.04 sec
----------------------------------------------------------
Test Passed.
"read_id_from_via" end time: May 16 12:07 JST
"read_id_from_via" time elapsed: 00:00:00
----------------------------------------------------------

66/114 Testing: send_to_pb_key_ROM
66/114 Test: send_to_pb_key_ROM
Command: "/home/michiaki/Document/macemu/macemu/BasiliskII/src/test/rom/bin/send_to_pb_key" "--" "--rom"
Directory: /home/michiaki/Document/macemu/macemu/BasiliskII/src/test/rom
"send_to_pb_key_ROM" start time: May 16 12:07 JST
Output:
----------------------------------------------------------
Running 4 test cases...

[1;32;49m*** No errors detected
[0;39;49m
<end of output>
Test time =   0.06 sec
----------------------------------------------------------
Test Passed.
"send_to_pb_key_ROM" end time: May 16 12:07 JST
"send_to_pb_key_ROM" time elapsed: 00:00:00
----------------------------------------------------------

24/114 Testing: test_scsi_cmd_ROM
24/114 Test: test_scsi_cmd_ROM
Command: "/home/michiaki/Document/macemu/macemu/BasiliskII/src/test/rom/bin/test_scsi_cmd" "--" "--rom"
Directory: /home/michiaki/Document/macemu/macemu/BasiliskII/src/test/rom
"test_scsi_cmd_ROM" start time: May 16 12:07 JST
Output:
----------------------------------------------------------
Running 2 test cases...

[1;32;49m*** No errors detected
[0;39;49m
<end of output>
Test time =   0.03 sec
----------------------------------------------------------
Test Passed.
"test_scsi_cmd_ROM" end time: May 16 12:07 JST
"test_scsi_cmd_ROM" time elapsed: 00:00:00
----------------------------------------------------------

19/114 Testing: has_rbv
19/114 Test: has_rbv
Command: "/home/michiaki/Document/macemu/macemu/BasiliskII/src/test/rom/bin/has_rbv"
Directory: /home/michiaki/Document/macemu/macemu/BasiliskII/src/test/rom
"has_rbv" start time: May 16 12:07 JST
Output:
----------------------------------------------------------
Running 2 test cases...

[1;32;49m*** No errors detected
[0;39;49m
<end of output>
Test time =   0.03 sec
----------------------------------------------------------
Test Passed.
"has_rbv" end time: May 16 12:07 JST
"has_rbv" time elapsed: 00:00:00
----------------------------------------------------------

3/114 Testing: init_hw
3/114 Test: init_hw
Command: "/home/michiaki/Document/macemu/macemu/BasiliskII/src/test/rom/bin/init_hw"
Directory: /home/michiaki/Document/macemu/macemu/BasiliskII/src/test/rom
"init_hw" start time: May 16 12:07 JST
Output:
----------------------------------------------------------
Running 3 test cases...

[1;32;49m*** No errors detected
[0;39;49m
<end of output>
Test time =   0.05 sec
----------------------------------------------------------
Test Passed.
"init_hw" end time: May 16 12:07 JST
"init_hw" time elapsed: 00:00:00
----------------------------------------------------------

38/114 Testing: test_scsi_ROM
38/114 Test: test_scsi_ROM
Command: "/home/michiaki/Document/macemu/macemu/BasiliskII/src/test/rom/bin/test_scsi" "--" "--rom"
Directory: /home/michiaki/Document/macemu/macemu/BasiliskII/src/test/rom
"test_scsi_ROM" start time: May 16 12:07 JST
Output:
----------------------------------------------------------
Running 7 test cases...

[1;32;49m*** No errors detected
[0;39;49m
<end of output>
Test time =   0.09 sec
----------------------------------------------------------
Test Passed.
"test_scsi_ROM" end time: May 16 12:07 JST
"test_scsi_ROM" time elapsed: 00:00:00
----------------------------------------------------------

32/114 Testing: read_id_from_via_ROM
32/114 Test: read_id_from_via_ROM
Command: "/home/michiaki/Document/macemu/macemu/BasiliskII/src/test/rom/bin/read_id_from_via" "--" "--rom"
Directory: /home/michiaki/Document/macemu/macemu/BasiliskII/src/test/rom
"read_id_from_via_ROM" start time: May 16 12:07 JST
Output:
----------------------------------------------------------
Running 2 test cases...

[1;32;49m*** No errors detected
[0;39;49m
<end of output>
Test time =   0.04 sec
----------------------------------------------------------
Test Passed.
"read_id_from_via_ROM" end time: May 16 12:07 JST
"read_id_from_via_ROM" time elapsed: 00:00:00
----------------------------------------------------------

33/114 Testing: init_hw2
33/114 Test: init_hw2
Command: "/home/michiaki/Document/macemu/macemu/BasiliskII/src/test/rom/bin/init_hw2"
Directory: /home/michiaki/Document/macemu/macemu/BasiliskII/src/test/rom
"init_hw2" start time: May 16 12:07 JST
Output:
----------------------------------------------------------
Running 1 test case...

[1;32;49m*** No errors detected
[0;39;49m
<end of output>
Test time =   0.02 sec
----------------------------------------------------------
Test Passed.
"init_hw2" end time: May 16 12:07 JST
"init_hw2" time elapsed: 00:00:00
----------------------------------------------------------

54/114 Testing: play_chime_1_ROM
54/114 Test: play_chime_1_ROM
Command: "/home/michiaki/Document/macemu/macemu/BasiliskII/src/test/rom/bin/play_chime_1" "--" "--rom"
Directory: /home/michiaki/Document/macemu/macemu/BasiliskII/src/test/rom
"play_chime_1_ROM" start time: May 16 12:07 JST
Output:
----------------------------------------------------------
Running 2 test cases...

[1;32;49m*** No errors detected
[0;39;49m
<end of output>
Test time =   0.04 sec
----------------------------------------------------------
Test Passed.
"play_chime_1_ROM" end time: May 16 12:07 JST
"play_chime_1_ROM" time elapsed: 00:00:00
----------------------------------------------------------

79/114 Testing: check_easc_fifo_half
79/114 Test: check_easc_fifo_half
Command: "/home/michiaki/Document/macemu/macemu/BasiliskII/src/test/rom/bin/check_easc_fifo_half"
Directory: /home/michiaki/Document/macemu/macemu/BasiliskII/src/test/rom
"check_easc_fifo_half" start time: May 16 12:07 JST
Output:
----------------------------------------------------------
Running 3 test cases...

[1;32;49m*** No errors detected
[0;39;49m
<end of output>
Test time =   0.06 sec
----------------------------------------------------------
Test Passed.
"check_easc_fifo_half" end time: May 16 12:07 JST
"check_easc_fifo_half" time elapsed: 00:00:00
----------------------------------------------------------

40/114 Testing: check_flag_ROM
40/114 Test: check_flag_ROM
Command: "/home/michiaki/Document/macemu/macemu/BasiliskII/src/test/rom/bin/check_flag" "--" "--rom"
Directory: /home/michiaki/Document/macemu/macemu/BasiliskII/src/test/rom
"check_flag_ROM" start time: May 16 12:07 JST
Output:
----------------------------------------------------------
Running 6 test cases...

[1;32;49m*** No errors detected
[0;39;49m
<end of output>
Test time =   0.08 sec
----------------------------------------------------------
Test Passed.
"check_flag_ROM" end time: May 16 12:07 JST
"check_flag_ROM" time elapsed: 00:00:00
----------------------------------------------------------

47/114 Testing: play_asc3
47/114 Test: play_asc3
Command: "/home/michiaki/Document/macemu/macemu/BasiliskII/src/test/rom/bin/play_asc3"
Directory: /home/michiaki/Document/macemu/macemu/BasiliskII/src/test/rom
"play_asc3" start time: May 16 12:07 JST
Output:
----------------------------------------------------------
Running 1 test case...

[1;32;49m*** No errors detected
[0;39;49m
<end of output>
Test time =   0.02 sec
----------------------------------------------------------
Test Passed.
"play_asc3" end time: May 16 12:07 JST
"play_asc3" time elapsed: 00:00:00
----------------------------------------------------------

34/114 Testing: init_hw2_ROM
34/114 Test: init_hw2_ROM
Command: "/home/michiaki/Document/macemu/macemu/BasiliskII/src/test/rom/bin/init_hw2" "--" "--rom"
Directory: /home/michiaki/Document/macemu/macemu/BasiliskII/src/test/rom
"init_hw2_ROM" start time: May 16 12:07 JST
Output:
----------------------------------------------------------
Running 1 test case...

[1;32;49m*** No errors detected
[0;39;49m
<end of output>
Test time =   0.02 sec
----------------------------------------------------------
Test Passed.
"init_hw2_ROM" end time: May 16 12:07 JST
"init_hw2_ROM" time elapsed: 00:00:00
----------------------------------------------------------

104/114 Testing: write_modem_integer_ROM
104/114 Test: write_modem_integer_ROM
Command: "/home/michiaki/Document/macemu/macemu/BasiliskII/src/test/rom/bin/write_modem_integer" "--" "--rom"
Directory: /home/michiaki/Document/macemu/macemu/BasiliskII/src/test/rom
"write_modem_integer_ROM" start time: May 16 12:07 JST
Output:
----------------------------------------------------------
Running 10 test cases...

[1;32;49m*** No errors detected
[0;39;49m
<end of output>
Test time =   0.12 sec
----------------------------------------------------------
Test Passed.
"write_modem_integer_ROM" end time: May 16 12:07 JST
"write_modem_integer_ROM" time elapsed: 00:00:00
----------------------------------------------------------

98/114 Testing: from_ascii_ROM
98/114 Test: from_ascii_ROM
Command: "/home/michiaki/Document/macemu/macemu/BasiliskII/src/test/rom/bin/from_ascii" "--" "--rom"
Directory: /home/michiaki/Document/macemu/macemu/BasiliskII/src/test/rom
"from_ascii_ROM" start time: May 16 12:07 JST
Output:
----------------------------------------------------------
Running 16 test cases...

[1;32;49m*** No errors detected
[0;39;49m
<end of output>
Test time =   0.19 sec
----------------------------------------------------------
Test Passed.
"from_ascii_ROM" end time: May 16 12:07 JST
"from_ascii_ROM" time elapsed: 00:00:00
----------------------------------------------------------

65/114 Testing: send_to_pb_key
65/114 Test: send_to_pb_key
Command: "/home/michiaki/Document/macemu/macemu/BasiliskII/src/test/rom/bin/send_to_pb_key"
Directory: /home/michiaki/Document/macemu/macemu/BasiliskII/src/test/rom
"send_to_pb_key" start time: May 16 12:07 JST
Output:
----------------------------------------------------------
Running 4 test cases...

[1;32;49m*** No errors detected
[0;39;49m
<end of output>
Test time =   0.06 sec
----------------------------------------------------------
Test Passed.
"send_to_pb_key" end time: May 16 12:07 JST
"send_to_pb_key" time elapsed: 00:00:00
----------------------------------------------------------

97/114 Testing: from_ascii
97/114 Test: from_ascii
Command: "/home/michiaki/Document/macemu/macemu/BasiliskII/src/test/rom/bin/from_ascii"
Directory: /home/michiaki/Document/macemu/macemu/BasiliskII/src/test/rom
"from_ascii" start time: May 16 12:07 JST
Output:
----------------------------------------------------------
Running 16 test cases...

[1;32;49m*** No errors detected
[0;39;49m
<end of output>
Test time =   0.19 sec
----------------------------------------------------------
Test Passed.
"from_ascii" end time: May 16 12:07 JST
"from_ascii" time elapsed: 00:00:00
----------------------------------------------------------

68/114 Testing: send_to_pb_dword_ROM
68/114 Test: send_to_pb_dword_ROM
Command: "/home/michiaki/Document/macemu/macemu/BasiliskII/src/test/rom/bin/send_to_pb_dword" "--" "--rom"
Directory: /home/michiaki/Document/macemu/macemu/BasiliskII/src/test/rom
"send_to_pb_dword_ROM" start time: May 16 12:07 JST
Output:
----------------------------------------------------------
Running 14 test cases...

[1;32;49m*** No errors detected
[0;39;49m
<end of output>
Test time =   0.20 sec
----------------------------------------------------------
Test Passed.
"send_to_pb_dword_ROM" end time: May 16 12:07 JST
"send_to_pb_dword_ROM" time elapsed: 00:00:00
----------------------------------------------------------

67/114 Testing: send_to_pb_dword
67/114 Test: send_to_pb_dword
Command: "/home/michiaki/Document/macemu/macemu/BasiliskII/src/test/rom/bin/send_to_pb_dword"
Directory: /home/michiaki/Document/macemu/macemu/BasiliskII/src/test/rom
"send_to_pb_dword" start time: May 16 12:07 JST
Output:
----------------------------------------------------------
Running 14 test cases...

[1;32;49m*** No errors detected
[0;39;49m
<end of output>
Test time =   0.18 sec
----------------------------------------------------------
Test Passed.
"send_to_pb_dword" end time: May 16 12:07 JST
"send_to_pb_dword" time elapsed: 00:00:00
----------------------------------------------------------

4/114 Testing: init_hw_ROM
4/114 Test: init_hw_ROM
Command: "/home/michiaki/Document/macemu/macemu/BasiliskII/src/test/rom/bin/init_hw" "--" "--rom"
Directory: /home/michiaki/Document/macemu/macemu/BasiliskII/src/test/rom
"init_hw_ROM" start time: May 16 12:07 JST
Output:
----------------------------------------------------------
Running 3 test cases...

[1;32;49m*** No errors detected
[0;39;49m
<end of output>
Test time =   0.05 sec
----------------------------------------------------------
Test Passed.
"init_hw_ROM" end time: May 16 12:07 JST
"init_hw_ROM" time elapsed: 00:00:00
----------------------------------------------------------

21/114 Testing: test_scsi_io
21/114 Test: test_scsi_io
Command: "/home/michiaki/Document/macemu/macemu/BasiliskII/src/test/rom/bin/test_scsi_io"
Directory: /home/michiaki/Document/macemu/macemu/BasiliskII/src/test/rom
"test_scsi_io" start time: May 16 12:07 JST
Output:
----------------------------------------------------------
Running 2 test cases...

[1;32;49m*** No errors detected
[0;39;49m
<end of output>
Test time =   0.04 sec
----------------------------------------------------------
Test Passed.
"test_scsi_io" end time: May 16 12:07 JST
"test_scsi_io" time elapsed: 00:00:00
----------------------------------------------------------

82/114 Testing: check_easc_fifo_done_ROM
82/114 Test: check_easc_fifo_done_ROM
Command: "/home/michiaki/Document/macemu/macemu/BasiliskII/src/test/rom/bin/check_easc_fifo_done" "--" "--rom"
Directory: /home/michiaki/Document/macemu/macemu/BasiliskII/src/test/rom
"check_easc_fifo_done_ROM" start time: May 16 12:07 JST
Output:
----------------------------------------------------------
Running 5 test cases...

[1;32;49m*** No errors detected
[0;39;49m
<end of output>
Test time =   0.07 sec
----------------------------------------------------------
Test Passed.
"check_easc_fifo_done_ROM" end time: May 16 12:07 JST
"check_easc_fifo_done_ROM" time elapsed: 00:00:00
----------------------------------------------------------

80/114 Testing: check_easc_fifo_half_ROM
80/114 Test: check_easc_fifo_half_ROM
Command: "/home/michiaki/Document/macemu/macemu/BasiliskII/src/test/rom/bin/check_easc_fifo_half" "--" "--rom"
Directory: /home/michiaki/Document/macemu/macemu/BasiliskII/src/test/rom
"check_easc_fifo_half_ROM" start time: May 16 12:07 JST
Output:
----------------------------------------------------------
Running 3 test cases...

[1;32;49m*** No errors detected
[0;39;49m
<end of output>
Test time =   0.06 sec
----------------------------------------------------------
Test Passed.
"check_easc_fifo_half_ROM" end time: May 16 12:07 JST
"check_easc_fifo_half_ROM" time elapsed: 00:00:00
----------------------------------------------------------

20/114 Testing: has_rbv_ROM
20/114 Test: has_rbv_ROM
Command: "/home/michiaki/Document/macemu/macemu/BasiliskII/src/test/rom/bin/has_rbv" "--" "--rom"
Directory: /home/michiaki/Document/macemu/macemu/BasiliskII/src/test/rom
"has_rbv_ROM" start time: May 16 12:07 JST
Output:
----------------------------------------------------------
Running 2 test cases...

[1;32;49m*** No errors detected
[0;39;49m
<end of output>
Test time =   0.03 sec
----------------------------------------------------------
Test Passed.
"has_rbv_ROM" end time: May 16 12:07 JST
"has_rbv_ROM" time elapsed: 00:00:00
----------------------------------------------------------

35/114 Testing: init_hw3
35/114 Test: init_hw3
Command: "/home/michiaki/Document/macemu/macemu/BasiliskII/src/test/rom/bin/init_hw3"
Directory: /home/michiaki/Document/macemu/macemu/BasiliskII/src/test/rom
"init_hw3" start time: May 16 12:07 JST
Output:
----------------------------------------------------------
Running 14 test cases...

[1;32;49m*** No errors detected
[0;39;49m
<end of output>
Test time =   0.18 sec
----------------------------------------------------------
Test Passed.
"init_hw3" end time: May 16 12:07 JST
"init_hw3" time elapsed: 00:00:00
----------------------------------------------------------

95/114 Testing: write_modem_port_cstr
95/114 Test: write_modem_port_cstr
Command: "/home/michiaki/Document/macemu/macemu/BasiliskII/src/test/rom/bin/write_modem_port_cstr"
Directory: /home/michiaki/Document/macemu/macemu/BasiliskII/src/test/rom
"write_modem_port_cstr" start time: May 16 12:07 JST
Output:
----------------------------------------------------------
Running 1 test case...

[1;32;49m*** No errors detected
[0;39;49m
<end of output>
Test time =   0.02 sec
----------------------------------------------------------
Test Passed.
"write_modem_port_cstr" end time: May 16 12:07 JST
"write_modem_port_cstr" time elapsed: 00:00:00
----------------------------------------------------------

81/114 Testing: check_easc_fifo_done
81/114 Test: check_easc_fifo_done
Command: "/home/michiaki/Document/macemu/macemu/BasiliskII/src/test/rom/bin/check_easc_fifo_done"
Directory: /home/michiaki/Document/macemu/macemu/BasiliskII/src/test/rom
"check_easc_fifo_done" start time: May 16 12:07 JST
Output:
----------------------------------------------------------
Running 5 test cases...

[1;32;49m*** No errors detected
[0;39;49m
<end of output>
Test time =   0.07 sec
----------------------------------------------------------
Test Passed.
"check_easc_fifo_done" end time: May 16 12:07 JST
"check_easc_fifo_done" time elapsed: 00:00:00
----------------------------------------------------------

75/114 Testing: init_pb_duo
75/114 Test: init_pb_duo
Command: "/home/michiaki/Document/macemu/macemu/BasiliskII/src/test/rom/bin/init_pb_duo"
Directory: /home/michiaki/Document/macemu/macemu/BasiliskII/src/test/rom
"init_pb_duo" start time: May 16 12:07 JST
Output:
----------------------------------------------------------
Running 7 test cases...

[1;32;49m*** No errors detected
[0;39;49m
<end of output>
Test time =   0.10 sec
----------------------------------------------------------
Test Passed.
"init_pb_duo" end time: May 16 12:07 JST
"init_pb_duo" time elapsed: 00:00:00
----------------------------------------------------------

13/114 Testing: has_fpu
13/114 Test: has_fpu
Command: "/home/michiaki/Document/macemu/macemu/BasiliskII/src/test/rom/bin/has_fpu"
Directory: /home/michiaki/Document/macemu/macemu/BasiliskII/src/test/rom
"has_fpu" start time: May 16 12:07 JST
Output:
----------------------------------------------------------
Running 2 test cases...

[1;32;49m*** No errors detected
[0;39;49m
<end of output>
Test time =   0.03 sec
----------------------------------------------------------
Test Passed.
"has_fpu" end time: May 16 12:07 JST
"has_fpu" time elapsed: 00:00:00
----------------------------------------------------------

86/114 Testing: modem_port_send1_ROM
86/114 Test: modem_port_send1_ROM
Command: "/home/michiaki/Document/macemu/macemu/BasiliskII/src/test/rom/bin/modem_port_send1" "--" "--rom"
Directory: /home/michiaki/Document/macemu/macemu/BasiliskII/src/test/rom
"modem_port_send1_ROM" start time: May 16 12:07 JST
Output:
----------------------------------------------------------
Running 5 test cases...

[1;32;49m*** No errors detected
[0;39;49m
<end of output>
Test time =   0.07 sec
----------------------------------------------------------
Test Passed.
"modem_port_send1_ROM" end time: May 16 12:07 JST
"modem_port_send1_ROM" time elapsed: 00:00:00
----------------------------------------------------------

59/114 Testing: wait_until_easc_fifo_half
59/114 Test: wait_until_easc_fifo_half
Command: "/home/michiaki/Document/macemu/macemu/BasiliskII/src/test/rom/bin/wait_until_easc_fifo_half"
Directory: /home/michiaki/Document/macemu/macemu/BasiliskII/src/test/rom
"wait_until_easc_fifo_half" start time: May 16 12:07 JST
Output:
----------------------------------------------------------
Running 1 test case...

[1;32;49m*** No errors detected
[0;39;49m
<end of output>
Test time =   0.02 sec
----------------------------------------------------------
Test Passed.
"wait_until_easc_fifo_half" end time: May 16 12:07 JST
"wait_until_easc_fifo_half" time elapsed: 00:00:00
----------------------------------------------------------

39/114 Testing: check_flag
39/114 Test: check_flag
Command: "/home/michiaki/Document/macemu/macemu/BasiliskII/src/test/rom/bin/check_flag"
Directory: /home/michiaki/Document/macemu/macemu/BasiliskII/src/test/rom
"check_flag" start time: May 16 12:07 JST
Output:
----------------------------------------------------------
Running 6 test cases...

[1;32;49m*** No errors detected
[0;39;49m
<end of output>
Test time =   0.08 sec
----------------------------------------------------------
Test Passed.
"check_flag" end time: May 16 12:07 JST
"check_flag" time elapsed: 00:00:00
----------------------------------------------------------

57/114 Testing: play_easc
57/114 Test: play_easc
Command: "/home/michiaki/Document/macemu/macemu/BasiliskII/src/test/rom/bin/play_easc"
Directory: /home/michiaki/Document/macemu/macemu/BasiliskII/src/test/rom
"play_easc" start time: May 16 12:07 JST
Output:
----------------------------------------------------------
Running 3 test cases...

[1;32;49m*** No errors detected
[0;39;49m
<end of output>
Test time =   0.06 sec
----------------------------------------------------------
Test Passed.
"play_easc" end time: May 16 12:07 JST
"play_easc" time elapsed: 00:00:00
----------------------------------------------------------

63/114 Testing: get_hw_info2
63/114 Test: get_hw_info2
Command: "/home/michiaki/Document/macemu/macemu/BasiliskII/src/test/rom/bin/get_hw_info2"
Directory: /home/michiaki/Document/macemu/macemu/BasiliskII/src/test/rom
"get_hw_info2" start time: May 16 12:07 JST
Output:
----------------------------------------------------------
Running 1 test case...

[1;32;49m*** No errors detected
[0;39;49m
<end of output>
Test time =   0.02 sec
----------------------------------------------------------
Test Passed.
"get_hw_info2" end time: May 16 12:07 JST
"get_hw_info2" time elapsed: 00:00:00
----------------------------------------------------------

77/114 Testing: check_easc_fifo_empty
77/114 Test: check_easc_fifo_empty
Command: "/home/michiaki/Document/macemu/macemu/BasiliskII/src/test/rom/bin/check_easc_fifo_empty"
Directory: /home/michiaki/Document/macemu/macemu/BasiliskII/src/test/rom
"check_easc_fifo_empty" start time: May 16 12:07 JST
Output:
----------------------------------------------------------
Running 6 test cases...

[1;32;49m*** No errors detected
[0;39;49m
<end of output>
Test time =   0.11 sec
----------------------------------------------------------
Test Passed.
"check_easc_fifo_empty" end time: May 16 12:07 JST
"check_easc_fifo_empty" time elapsed: 00:00:00
----------------------------------------------------------

11/114 Testing: init_mmu
11/114 Test: init_mmu
Command: "/home/michiaki/Document/macemu/macemu/BasiliskII/src/test/rom/bin/init_mmu"
Directory: /home/michiaki/Document/macemu/macemu/BasiliskII/src/test/rom
"init_mmu" start time: May 16 12:07 JST
Output:
----------------------------------------------------------
Running 1 test case...

[1;32;49m*** No errors detected
[0;39;49m
<end of output>
Test time =   0.02 sec
----------------------------------------------------------
Test Passed.
"init_mmu" end time: May 16 12:07 JST
"init_mmu" time elapsed: 00:00:00
----------------------------------------------------------

78/114 Testing: check_easc_fifo_empty_ROM
78/114 Test: check_easc_fifo_empty_ROM
Command: "/home/michiaki/Document/macemu/macemu/BasiliskII/src/test/rom/bin/check_easc_fifo_empty" "--" "--rom"
Directory: /home/michiaki/Document/macemu/macemu/BasiliskII/src/test/rom
"check_easc_fifo_empty_ROM" start time: May 16 12:07 JST
Output:
----------------------------------------------------------
Running 6 test cases...

[1;32;49m*** No errors detected
[0;39;49m
<end of output>
Test time =   0.10 sec
----------------------------------------------------------
Test Passed.
"check_easc_fifo_empty_ROM" end time: May 16 12:07 JST
"check_easc_fifo_empty_ROM" time elapsed: 00:00:00
----------------------------------------------------------

83/114 Testing: easc_is_sonora
83/114 Test: easc_is_sonora
Command: "/home/michiaki/Document/macemu/macemu/BasiliskII/src/test/rom/bin/easc_is_sonora"
Directory: /home/michiaki/Document/macemu/macemu/BasiliskII/src/test/rom
"easc_is_sonora" start time: May 16 12:07 JST
Output:
----------------------------------------------------------
Running 10 test cases...

[1;32;49m*** No errors detected
[0;39;49m
<end of output>
Test time =   0.12 sec
----------------------------------------------------------
Test Passed.
"easc_is_sonora" end time: May 16 12:07 JST
"easc_is_sonora" time elapsed: 00:00:00
----------------------------------------------------------

14/114 Testing: has_fpu_ROM
14/114 Test: has_fpu_ROM
Command: "/home/michiaki/Document/macemu/macemu/BasiliskII/src/test/rom/bin/has_fpu" "--" "--rom"
Directory: /home/michiaki/Document/macemu/macemu/BasiliskII/src/test/rom
"has_fpu_ROM" start time: May 16 12:07 JST
Output:
----------------------------------------------------------
Running 2 test cases...

[1;32;49m*** No errors detected
[0;39;49m
<end of output>
Test time =   0.03 sec
----------------------------------------------------------
Test Passed.
"has_fpu_ROM" end time: May 16 12:07 JST
"has_fpu_ROM" time elapsed: 00:00:00
----------------------------------------------------------

84/114 Testing: easc_is_sonora_ROM
84/114 Test: easc_is_sonora_ROM
Command: "/home/michiaki/Document/macemu/macemu/BasiliskII/src/test/rom/bin/easc_is_sonora" "--" "--rom"
Directory: /home/michiaki/Document/macemu/macemu/BasiliskII/src/test/rom
"easc_is_sonora_ROM" start time: May 16 12:07 JST
Output:
----------------------------------------------------------
Running 10 test cases...

[1;32;49m*** No errors detected
[0;39;49m
<end of output>
Test time =   0.12 sec
----------------------------------------------------------
Test Passed.
"easc_is_sonora_ROM" end time: May 16 12:07 JST
"easc_is_sonora_ROM" time elapsed: 00:00:00
----------------------------------------------------------

62/114 Testing: easc_beep_ROM
62/114 Test: easc_beep_ROM
Command: "/home/michiaki/Document/macemu/macemu/BasiliskII/src/test/rom/bin/easc_beep" "--" "--rom"
Directory: /home/michiaki/Document/macemu/macemu/BasiliskII/src/test/rom
"easc_beep_ROM" start time: May 16 12:07 JST
Output:
----------------------------------------------------------
Running 1 test case...

[1;32;49m*** No errors detected
[0;39;49m
<end of output>
Test time =   0.03 sec
----------------------------------------------------------
Test Passed.
"easc_beep_ROM" end time: May 16 12:07 JST
"easc_beep_ROM" time elapsed: 00:00:00
----------------------------------------------------------

91/114 Testing: read_modem_port
91/114 Test: read_modem_port
Command: "/home/michiaki/Document/macemu/macemu/BasiliskII/src/test/rom/bin/read_modem_port"
Directory: /home/michiaki/Document/macemu/macemu/BasiliskII/src/test/rom
"read_modem_port" start time: May 16 12:07 JST
Output:
----------------------------------------------------------
Running 7 test cases...

[1;32;49m*** No errors detected
[0;39;49m
<end of output>
Test time =   0.09 sec
----------------------------------------------------------
Test Passed.
"read_modem_port" end time: May 16 12:07 JST
"read_modem_port" time elapsed: 00:00:00
----------------------------------------------------------

93/114 Testing: write_modem_port_byte
93/114 Test: write_modem_port_byte
Command: "/home/michiaki/Document/macemu/macemu/BasiliskII/src/test/rom/bin/write_modem_port_byte"
Directory: /home/michiaki/Document/macemu/macemu/BasiliskII/src/test/rom
"write_modem_port_byte" start time: May 16 12:07 JST
Output:
----------------------------------------------------------
Running 1 test case...

[1;32;49m*** No errors detected
[0;39;49m
<end of output>
Test time =   0.03 sec
----------------------------------------------------------
Test Passed.
"write_modem_port_byte" end time: May 16 12:07 JST
"write_modem_port_byte" time elapsed: 00:00:00
----------------------------------------------------------

92/114 Testing: read_modem_port_ROM
92/114 Test: read_modem_port_ROM
Command: "/home/michiaki/Document/macemu/macemu/BasiliskII/src/test/rom/bin/read_modem_port" "--" "--rom"
Directory: /home/michiaki/Document/macemu/macemu/BasiliskII/src/test/rom
"read_modem_port_ROM" start time: May 16 12:07 JST
Output:
----------------------------------------------------------
Running 7 test cases...

[1;32;49m*** No errors detected
[0;39;49m
<end of output>
Test time =   0.13 sec
----------------------------------------------------------
Test Passed.
"read_modem_port_ROM" end time: May 16 12:07 JST
"read_modem_port_ROM" time elapsed: 00:00:00
----------------------------------------------------------

6/114 Testing: reset_via_ROM
6/114 Test: reset_via_ROM
Command: "/home/michiaki/Document/macemu/macemu/BasiliskII/src/test/rom/bin/reset_via" "--" "--rom"
Directory: /home/michiaki/Document/macemu/macemu/BasiliskII/src/test/rom
"reset_via_ROM" start time: May 16 12:07 JST
Output:
----------------------------------------------------------
Running 5 test cases...

[1;32;49m*** No errors detected
[0;39;49m
<end of output>
Test time =   0.09 sec
----------------------------------------------------------
Test Passed.
"reset_via_ROM" end time: May 16 12:07 JST
"reset_via_ROM" time elapsed: 00:00:00
----------------------------------------------------------

37/114 Testing: test_scsi
37/114 Test: test_scsi
Command: "/home/michiaki/Document/macemu/macemu/BasiliskII/src/test/rom/bin/test_scsi"
Directory: /home/michiaki/Document/macemu/macemu/BasiliskII/src/test/rom
"test_scsi" start time: May 16 12:07 JST
Output:
----------------------------------------------------------
Running 7 test cases...

[1;32;49m*** No errors detected
[0;39;49m
<end of output>
Test time =   0.13 sec
----------------------------------------------------------
Test Passed.
"test_scsi" end time: May 16 12:07 JST
"test_scsi" time elapsed: 00:00:00
----------------------------------------------------------

15/114 Testing: test_iifx_exp1
15/114 Test: test_iifx_exp1
Command: "/home/michiaki/Document/macemu/macemu/BasiliskII/src/test/rom/bin/test_iifx_exp1"
Directory: /home/michiaki/Document/macemu/macemu/BasiliskII/src/test/rom
"test_iifx_exp1" start time: May 16 12:07 JST
Output:
----------------------------------------------------------
Running 4 test cases...

[1;32;49m*** No errors detected
[0;39;49m
<end of output>
Test time =   0.06 sec
----------------------------------------------------------
Test Passed.
"test_iifx_exp1" end time: May 16 12:07 JST
"test_iifx_exp1" time elapsed: 00:00:00
----------------------------------------------------------

5/114 Testing: reset_via
5/114 Test: reset_via
Command: "/home/michiaki/Document/macemu/macemu/BasiliskII/src/test/rom/bin/reset_via"
Directory: /home/michiaki/Document/macemu/macemu/BasiliskII/src/test/rom
"reset_via" start time: May 16 12:07 JST
Output:
----------------------------------------------------------
Running 5 test cases...

[1;32;49m*** No errors detected
[0;39;49m
<end of output>
Test time =   0.07 sec
----------------------------------------------------------
Test Passed.
"reset_via" end time: May 16 12:07 JST
"reset_via" time elapsed: 00:00:00
----------------------------------------------------------

27/114 Testing: has_ether
27/114 Test: has_ether
Command: "/home/michiaki/Document/macemu/macemu/BasiliskII/src/test/rom/bin/has_ether"
Directory: /home/michiaki/Document/macemu/macemu/BasiliskII/src/test/rom
"has_ether" start time: May 16 12:07 JST
Output:
----------------------------------------------------------
Running 2 test cases...

[1;32;49m*** No errors detected
[0;39;49m
<end of output>
Test time =   0.03 sec
----------------------------------------------------------
Test Passed.
"has_ether" end time: May 16 12:07 JST
"has_ether" time elapsed: 00:00:00
----------------------------------------------------------

106/114 Testing: read_modem_cmd1_ROM
106/114 Test: read_modem_cmd1_ROM
Command: "/home/michiaki/Document/macemu/macemu/BasiliskII/src/test/rom/bin/read_modem_cmd1" "--" "--rom"
Directory: /home/michiaki/Document/macemu/macemu/BasiliskII/src/test/rom
"read_modem_cmd1_ROM" start time: May 16 12:07 JST
Output:
----------------------------------------------------------
Running 3 test cases...

[1;32;49m*** No errors detected
[0;39;49m
<end of output>
Test time =   0.05 sec
----------------------------------------------------------
Test Passed.
"read_modem_cmd1_ROM" end time: May 16 12:07 JST
"read_modem_cmd1_ROM" time elapsed: 00:00:00
----------------------------------------------------------

17/114 Testing: has_via
17/114 Test: has_via
Command: "/home/michiaki/Document/macemu/macemu/BasiliskII/src/test/rom/bin/has_via"
Directory: /home/michiaki/Document/macemu/macemu/BasiliskII/src/test/rom
"has_via" start time: May 16 12:07 JST
Output:
----------------------------------------------------------
Running 4 test cases...

[1;32;49m*** No errors detected
[0;39;49m
<end of output>
Test time =   0.06 sec
----------------------------------------------------------
Test Passed.
"has_via" end time: May 16 12:07 JST
"has_via" time elapsed: 00:00:00
----------------------------------------------------------

56/114 Testing: play_chime_4_ROM
56/114 Test: play_chime_4_ROM
Command: "/home/michiaki/Document/macemu/macemu/BasiliskII/src/test/rom/bin/play_chime_4" "--" "--rom"
Directory: /home/michiaki/Document/macemu/macemu/BasiliskII/src/test/rom
"play_chime_4_ROM" start time: May 16 12:07 JST
Output:
----------------------------------------------------------
Running 2 test cases...

[1;32;49m*** No errors detected
[0;39;49m
<end of output>
Test time =   0.03 sec
----------------------------------------------------------
Test Passed.
"play_chime_4_ROM" end time: May 16 12:07 JST
"play_chime_4_ROM" time elapsed: 00:00:00
----------------------------------------------------------

23/114 Testing: test_scsi_cmd
23/114 Test: test_scsi_cmd
Command: "/home/michiaki/Document/macemu/macemu/BasiliskII/src/test/rom/bin/test_scsi_cmd"
Directory: /home/michiaki/Document/macemu/macemu/BasiliskII/src/test/rom
"test_scsi_cmd" start time: May 16 12:07 JST
Output:
----------------------------------------------------------
Running 2 test cases...

[1;32;49m*** No errors detected
[0;39;49m
<end of output>
Test time =   0.03 sec
----------------------------------------------------------
Test Passed.
"test_scsi_cmd" end time: May 16 12:07 JST
"test_scsi_cmd" time elapsed: 00:00:00
----------------------------------------------------------

71/114 Testing: recv_from_pb
71/114 Test: recv_from_pb
Command: "/home/michiaki/Document/macemu/macemu/BasiliskII/src/test/rom/bin/recv_from_pb"
Directory: /home/michiaki/Document/macemu/macemu/BasiliskII/src/test/rom
"recv_from_pb" start time: May 16 12:07 JST
Output:
----------------------------------------------------------
Running 2 test cases...

[1;32;49m*** No errors detected
[0;39;49m
<end of output>
Test time =   0.03 sec
----------------------------------------------------------
Test Passed.
"recv_from_pb" end time: May 16 12:07 JST
"recv_from_pb" time elapsed: 00:00:00
----------------------------------------------------------

72/114 Testing: recv_from_pb_ROM
72/114 Test: recv_from_pb_ROM
Command: "/home/michiaki/Document/macemu/macemu/BasiliskII/src/test/rom/bin/recv_from_pb" "--" "--rom"
Directory: /home/michiaki/Document/macemu/macemu/BasiliskII/src/test/rom
"recv_from_pb_ROM" start time: May 16 12:07 JST
Output:
----------------------------------------------------------
Running 2 test cases...

[1;32;49m*** No errors detected
[0;39;49m
<end of output>
Test time =   0.03 sec
----------------------------------------------------------
Test Passed.
"recv_from_pb_ROM" end time: May 16 12:07 JST
"recv_from_pb_ROM" time elapsed: 00:00:00
----------------------------------------------------------

53/114 Testing: play_chime_1
53/114 Test: play_chime_1
Command: "/home/michiaki/Document/macemu/macemu/BasiliskII/src/test/rom/bin/play_chime_1"
Directory: /home/michiaki/Document/macemu/macemu/BasiliskII/src/test/rom
"play_chime_1" start time: May 16 12:07 JST
Output:
----------------------------------------------------------
Running 2 test cases...

[1;32;49m*** No errors detected
[0;39;49m
<end of output>
Test time =   0.03 sec
----------------------------------------------------------
Test Passed.
"play_chime_1" end time: May 16 12:07 JST
"play_chime_1" time elapsed: 00:00:00
----------------------------------------------------------

87/114 Testing: get_scc_addr
87/114 Test: get_scc_addr
Command: "/home/michiaki/Document/macemu/macemu/BasiliskII/src/test/rom/bin/get_scc_addr"
Directory: /home/michiaki/Document/macemu/macemu/BasiliskII/src/test/rom
"get_scc_addr" start time: May 16 12:07 JST
Output:
----------------------------------------------------------
Running 2 test cases...

[1;32;49m*** No errors detected
[0;39;49m
<end of output>
Test time =   0.03 sec
----------------------------------------------------------
Test Passed.
"get_scc_addr" end time: May 16 12:07 JST
"get_scc_addr" time elapsed: 00:00:00
----------------------------------------------------------

90/114 Testing: init_modem_port_ROM
90/114 Test: init_modem_port_ROM
Command: "/home/michiaki/Document/macemu/macemu/BasiliskII/src/test/rom/bin/init_modem_port" "--" "--rom"
Directory: /home/michiaki/Document/macemu/macemu/BasiliskII/src/test/rom
"init_modem_port_ROM" start time: May 16 12:07 JST
Output:
----------------------------------------------------------
Running 2 test cases...

[1;32;49m*** No errors detected
[0;39;49m
<end of output>
Test time =   0.03 sec
----------------------------------------------------------
Test Passed.
"init_modem_port_ROM" end time: May 16 12:07 JST
"init_modem_port_ROM" time elapsed: 00:00:00
----------------------------------------------------------

44/114 Testing: get_model_id_ROM
44/114 Test: get_model_id_ROM
Command: "/home/michiaki/Document/macemu/macemu/BasiliskII/src/test/rom/bin/get_model_id" "--" "--rom"
Directory: /home/michiaki/Document/macemu/macemu/BasiliskII/src/test/rom
"get_model_id_ROM" start time: May 16 12:07 JST
Output:
----------------------------------------------------------
Running 2 test cases...

[1;32;49m*** No errors detected
[0;39;49m
<end of output>
Test time =   0.03 sec
----------------------------------------------------------
Test Passed.
"get_model_id_ROM" end time: May 16 12:07 JST
"get_model_id_ROM" time elapsed: 00:00:00
----------------------------------------------------------

29/114 Testing: has_lowmem1
29/114 Test: has_lowmem1
Command: "/home/michiaki/Document/macemu/macemu/BasiliskII/src/test/rom/bin/has_lowmem1"
Directory: /home/michiaki/Document/macemu/macemu/BasiliskII/src/test/rom
"has_lowmem1" start time: May 16 12:07 JST
Output:
----------------------------------------------------------
Running 2 test cases...

[1;32;49m*** No errors detected
[0;39;49m
<end of output>
Test time =   0.03 sec
----------------------------------------------------------
Test Passed.
"has_lowmem1" end time: May 16 12:07 JST
"has_lowmem1" time elapsed: 00:00:00
----------------------------------------------------------

96/114 Testing: write_modem_port_cstr_ROM
96/114 Test: write_modem_port_cstr_ROM
Command: "/home/michiaki/Document/macemu/macemu/BasiliskII/src/test/rom/bin/write_modem_port_cstr" "--" "--rom"
Directory: /home/michiaki/Document/macemu/macemu/BasiliskII/src/test/rom
"write_modem_port_cstr_ROM" start time: May 16 12:07 JST
Output:
----------------------------------------------------------
Running 1 test case...

[1;32;49m*** No errors detected
[0;39;49m
<end of output>
Test time =   0.02 sec
----------------------------------------------------------
Test Passed.
"write_modem_port_cstr_ROM" end time: May 16 12:07 JST
"write_modem_port_cstr_ROM" time elapsed: 00:00:00
----------------------------------------------------------

25/114 Testing: test_iop
25/114 Test: test_iop
Command: "/home/michiaki/Document/macemu/macemu/BasiliskII/src/test/rom/bin/test_iop"
Directory: /home/michiaki/Document/macemu/macemu/BasiliskII/src/test/rom
"test_iop" start time: May 16 12:07 JST
Output:
----------------------------------------------------------
Running 2 test cases...

[1;32;49m*** No errors detected
[0;39;49m
<end of output>
Test time =   0.03 sec
----------------------------------------------------------
Test Passed.
"test_iop" end time: May 16 12:07 JST
"test_iop" time elapsed: 00:00:00
----------------------------------------------------------

88/114 Testing: get_scc_addr_ROM
88/114 Test: get_scc_addr_ROM
Command: "/home/michiaki/Document/macemu/macemu/BasiliskII/src/test/rom/bin/get_scc_addr" "--" "--rom"
Directory: /home/michiaki/Document/macemu/macemu/BasiliskII/src/test/rom
"get_scc_addr_ROM" start time: May 16 12:07 JST
Output:
----------------------------------------------------------
Running 2 test cases...

[1;32;49m*** No errors detected
[0;39;49m
<end of output>
Test time =   0.03 sec
----------------------------------------------------------
Test Passed.
"get_scc_addr_ROM" end time: May 16 12:07 JST
"get_scc_addr_ROM" time elapsed: 00:00:00
----------------------------------------------------------

94/114 Testing: write_modem_port_byte_ROM
94/114 Test: write_modem_port_byte_ROM
Command: "/home/michiaki/Document/macemu/macemu/BasiliskII/src/test/rom/bin/write_modem_port_byte" "--" "--rom"
Directory: /home/michiaki/Document/macemu/macemu/BasiliskII/src/test/rom
"write_modem_port_byte_ROM" start time: May 16 12:07 JST
Output:
----------------------------------------------------------
Running 1 test case...

[1;32;49m*** No errors detected
[0;39;49m
<end of output>
Test time =   0.02 sec
----------------------------------------------------------
Test Passed.
"write_modem_port_byte_ROM" end time: May 16 12:07 JST
"write_modem_port_byte_ROM" time elapsed: 00:00:00
----------------------------------------------------------

48/114 Testing: play_asc3_ROM
48/114 Test: play_asc3_ROM
Command: "/home/michiaki/Document/macemu/macemu/BasiliskII/src/test/rom/bin/play_asc3" "--" "--rom"
Directory: /home/michiaki/Document/macemu/macemu/BasiliskII/src/test/rom
"play_asc3_ROM" start time: May 16 12:07 JST
Output:
----------------------------------------------------------
Running 1 test case...

[1;32;49m*** No errors detected
[0;39;49m
<end of output>
Test time =   0.02 sec
----------------------------------------------------------
Test Passed.
"play_asc3_ROM" end time: May 16 12:07 JST
"play_asc3_ROM" time elapsed: 00:00:00
----------------------------------------------------------

46/114 Testing: play_asc2_ROM
46/114 Test: play_asc2_ROM
Command: "/home/michiaki/Document/macemu/macemu/BasiliskII/src/test/rom/bin/play_asc2" "--" "--rom"
Directory: /home/michiaki/Document/macemu/macemu/BasiliskII/src/test/rom
"play_asc2_ROM" start time: May 16 12:07 JST
Output:
----------------------------------------------------------
Running 1 test case...

[1;32;49m*** No errors detected
[0;39;49m
<end of output>
Test time =   0.02 sec
----------------------------------------------------------
Test Passed.
"play_asc2_ROM" end time: May 16 12:07 JST
"play_asc2_ROM" time elapsed: 00:00:00
----------------------------------------------------------

12/114 Testing: init_mmu_ROM
12/114 Test: init_mmu_ROM
Command: "/home/michiaki/Document/macemu/macemu/BasiliskII/src/test/rom/bin/init_mmu" "--" "--rom"
Directory: /home/michiaki/Document/macemu/macemu/BasiliskII/src/test/rom
"init_mmu_ROM" start time: May 16 12:07 JST
Output:
----------------------------------------------------------
Running 1 test case...

[1;32;49m*** No errors detected
[0;39;49m
<end of output>
Test time =   0.02 sec
----------------------------------------------------------
Test Passed.
"init_mmu_ROM" end time: May 16 12:07 JST
"init_mmu_ROM" time elapsed: 00:00:00
----------------------------------------------------------

49/114 Testing: play_asc5
49/114 Test: play_asc5
Command: "/home/michiaki/Document/macemu/macemu/BasiliskII/src/test/rom/bin/play_asc5"
Directory: /home/michiaki/Document/macemu/macemu/BasiliskII/src/test/rom
"play_asc5" start time: May 16 12:07 JST
Output:
----------------------------------------------------------
Running 1 test case...

[1;32;49m*** No errors detected
[0;39;49m
<end of output>
Test time =   0.02 sec
----------------------------------------------------------
Test Passed.
"play_asc5" end time: May 16 12:07 JST
"play_asc5" time elapsed: 00:00:00
----------------------------------------------------------

1/114 Testing: boot
1/114 Test: boot
Command: "/home/michiaki/Document/macemu/macemu/BasiliskII/src/test/rom/bin/boot"
Directory: /home/michiaki/Document/macemu/macemu/BasiliskII/src/test/rom
"boot" start time: May 16 12:07 JST
Output:
----------------------------------------------------------
Running 1 test case...

[1;32;49m*** No errors detected
[0;39;49m
<end of output>
Test time =   0.02 sec
----------------------------------------------------------
Test Passed.
"boot" end time: May 16 12:07 JST
"boot" time elapsed: 00:00:00
----------------------------------------------------------

51/114 Testing: play_asc
51/114 Test: play_asc
Command: "/home/michiaki/Document/macemu/macemu/BasiliskII/src/test/rom/bin/play_asc"
Directory: /home/michiaki/Document/macemu/macemu/BasiliskII/src/test/rom
"play_asc" start time: May 16 12:07 JST
Output:
----------------------------------------------------------
Running 5 test cases...

[1;32;49m*** No errors detected
[0;39;49m
<end of output>
Test time =   5.15 sec
----------------------------------------------------------
Test Passed.
"play_asc" end time: May 16 12:07 JST
"play_asc" time elapsed: 00:00:05
----------------------------------------------------------

52/114 Testing: play_asc_ROM
52/114 Test: play_asc_ROM
Command: "/home/michiaki/Document/macemu/macemu/BasiliskII/src/test/rom/bin/play_asc" "--" "--rom"
Directory: /home/michiaki/Document/macemu/macemu/BasiliskII/src/test/rom
"play_asc_ROM" start time: May 16 12:07 JST
Output:
----------------------------------------------------------
Running 5 test cases...

[1;32;49m*** No errors detected
[0;39;49m
<end of output>
Test time =   6.56 sec
----------------------------------------------------------
Test Passed.
"play_asc_ROM" end time: May 16 12:07 JST
"play_asc_ROM" time elapsed: 00:00:06
----------------------------------------------------------

End testing: May 16 12:07 JST
